<?xml version="1.0" encoding="UTF-8"?>
<!-- Generated by org.testng.reporters.JUnitXMLReporter -->
<testsuite ignored="0" hostname="imBatman" failures="2" tests="2" name="Test" time="206.463" errors="0" timestamp="2022-04-03T15:50:26 IST">
  <testcase classname="com.fleetStudio.testPages.PD_GEMS_Test" name="GEM_Test" time="0.023">
    <failure type="java.lang.NullPointerException" message="Cannot invoke &amp;quot;com.fleetStudio.pages.ProductDev_GreenlightEnvironmentalMonitoringSystem.verifyHeading()&amp;quot; because &amp;quot;this.pdGems&amp;quot; is null">
      <![CDATA[java.lang.NullPointerException: Cannot invoke "com.fleetStudio.pages.ProductDev_GreenlightEnvironmentalMonitoringSystem.verifyHeading()" because "this.pdGems" is null
at com.fleetStudio.testPages.PD_GEMS_Test.GEM_Test(PD_GEMS_Test.java:13)
at java.base/java.util.ArrayList.forEach(ArrayList.java:1511)
... Removed 27 stack frames]]>
    </failure>
  </testcase> <!-- GEM_Test -->
  <testcase classname="com.fleetStudio.testPages.PD_GEMS_Test" name="GEM_Test1" time="0.008">
    <failure type="java.lang.NullPointerException" message="Cannot invoke &amp;quot;com.fleetStudio.pages.ProductDev_GreenlightEnvironmentalMonitoringSystem.verifyHeading()&amp;quot; because &amp;quot;this.pdGems&amp;quot; is null">
      <![CDATA[java.lang.NullPointerException: Cannot invoke "com.fleetStudio.pages.ProductDev_GreenlightEnvironmentalMonitoringSystem.verifyHeading()" because "this.pdGems" is null
at com.fleetStudio.testPages.PD_GEMS_Test.GEM_Test1(PD_GEMS_Test.java:21)
at java.base/java.util.ArrayList.forEach(ArrayList.java:1511)
... Removed 27 stack frames]]>
    </failure>
  </testcase> <!-- GEM_Test1 -->
</testsuite> <!-- Test -->
